0 info it worked if it ends with ok
1 verbose cli [ 'node', '/usr/local/bin/npm', 'publish' ]
2 info using npm@2.1.12
3 info using node@v0.10.33
4 verbose node symlink /usr/local/bin/node
5 verbose publish [ '.' ]
6 verbose stack Error: Invalid version: "0.1"
6 verbose stack     at Object.module.exports.fixVersionField (/usr/local/lib/node_modules/npm/node_modules/normalize-package-data/lib/fixer.js:190:13)
6 verbose stack     at /usr/local/lib/node_modules/npm/node_modules/normalize-package-data/lib/normalize.js:30:38
6 verbose stack     at Array.forEach (native)
6 verbose stack     at normalize (/usr/local/lib/node_modules/npm/node_modules/normalize-package-data/lib/normalize.js:29:15)
6 verbose stack     at final (/usr/local/lib/node_modules/npm/node_modules/read-package-json/read-json.js:342:33)
6 verbose stack     at then (/usr/local/lib/node_modules/npm/node_modules/read-package-json/read-json.js:126:33)
6 verbose stack     at /usr/local/lib/node_modules/npm/node_modules/read-package-json/read-json.js:331:40
6 verbose stack     at evalmachine.<anonymous>:271:14
6 verbose stack     at /usr/local/lib/node_modules/npm/node_modules/graceful-fs/graceful-fs.js:102:5
6 verbose stack     at Object.oncomplete (evalmachine.<anonymous>:107:15)
7 verbose cwd /Users/james/Documents/Projects3/parse
8 error Darwin 14.0.0
9 error argv "node" "/usr/local/bin/npm" "publish"
10 error node v0.10.33
11 error npm  v2.1.12
12 error Invalid version: "0.1"
13 error If you need help, you may report this error at:
13 error     <http://github.com/npm/npm/issues>
14 verbose exit [ 1, true ]
